[24Feb2021 13:50:43.692] [main/INFO] [cpw.mods.modlauncher.Launcher/MODLAUNCHER]: ModLauncher running: args [--gameDir, ., --launchTarget, fmluserdevclient, --fml.mcpVersion, 20210115.111550, --fml.mcVersion, 1.16.5, --fml.forgeGroup, net.minecraftforge, --fml.forgeVersion, 36.0.42, --version, MOD_DEV, --assetIndex, 1.16, --assetsDir, C:\Users\Eivind\.gradle\caches\forge_gradle\assets, --username, Dev, --accessToken, ❄❄❄❄❄❄❄❄, --userProperties, {}]
[24Feb2021 13:50:43.703] [main/INFO] [cpw.mods.modlauncher.Launcher/MODLAUNCHER]: ModLauncher 8.0.9+86+master.3cf110c starting: java version 1.8.0_261 by Oracle Corporation
[24Feb2021 13:50:44.621] [main/INFO] [net.minecraftforge.fml.loading.FixSSL/CORE]: Added Lets Encrypt root certificates as additional trust
[24Feb2021 13:50:44.806] [main/INFO] [mixin/]: SpongePowered MIXIN Subsystem Version=0.8.2 Source=file:/C:/Users/Eivind/.gradle/caches/modules-2/files-2.1/org.spongepowered/mixin/0.8.2/1cf212283d26f706fd3074318870bebd14d2a9ed/mixin-0.8.2.jar Service=ModLauncher Env=CLIENT
[24Feb2021 13:50:44.966] [main/WARN] [net.minecraftforge.fml.loading.FMLConfig/CORE]: Configuration file C:\Users\Eivind\Documents\Development\Modding\ITank\run\config\fml.toml is not correct. Correcting
[24Feb2021 13:50:44.984] [main/WARN] [net.minecraftforge.fml.loading.FMLConfig/CORE]: Incorrect key [defaultConfigPath] was corrected from null to defaultconfigs
[24Feb2021 13:50:47.874] [main/INFO] [cpw.mods.modlauncher.LaunchServiceHandler/MODLAUNCHER]: Launching target 'fmluserdevclient' with arguments [--version, MOD_DEV, --gameDir, ., --assetsDir, C:\Users\Eivind\.gradle\caches\forge_gradle\assets, --assetIndex, 1.16, --username, Dev, --accessToken, ❄❄❄❄❄❄❄❄, --userProperties, {}]
[24Feb2021 13:51:00.501] [Render thread/INFO] [com.mojang.authlib.yggdrasil.YggdrasilAuthenticationService/]: Environment: authHost='https://authserver.mojang.com', accountsHost='https://api.mojang.com', sessionHost='https://sessionserver.mojang.com', servicesHost='https://api.minecraftservices.com', name='PROD'
[24Feb2021 13:51:02.005] [Render thread/ERROR] [net.minecraft.client.Minecraft/]: Failed to verify authentication
com.mojang.authlib.exceptions.AuthenticationUnavailableException: null
	at com.mojang.authlib.yggdrasil.YggdrasilSocialInteractionsService.checkPrivileges(YggdrasilSocialInteractionsService.java:97) ~[authlib-2.1.28.jar:?]
	at com.mojang.authlib.yggdrasil.YggdrasilSocialInteractionsService.<init>(YggdrasilSocialInteractionsService.java:40) ~[authlib-2.1.28.jar:?]
	at com.mojang.authlib.yggdrasil.YggdrasilAuthenticationService.createSocialInteractionsService(YggdrasilAuthenticationService.java:152) ~[authlib-2.1.28.jar:?]
	at net.minecraft.client.Minecraft.func_244735_a(Minecraft.java:556) ~[forge-1.16.5-36.0.42_mapped_snapshot_20201028-1.16.3-recomp.jar:?]
	at net.minecraft.client.Minecraft.<init>(Minecraft.java:388) ~[forge-1.16.5-36.0.42_mapped_snapshot_20201028-1.16.3-recomp.jar:?]
	at net.minecraft.client.main.Main.main(Main.java:149) ~[forge-1.16.5-36.0.42_mapped_snapshot_20201028-1.16.3-recomp.jar:?]
	at sun.reflect.NativeMethodAccessorImpl.invoke0(Native Method) ~[?:1.8.0_261]
	at sun.reflect.NativeMethodAccessorImpl.invoke(NativeMethodAccessorImpl.java:62) ~[?:1.8.0_261]
	at sun.reflect.DelegatingMethodAccessorImpl.invoke(DelegatingMethodAccessorImpl.java:43) ~[?:1.8.0_261]
	at java.lang.reflect.Method.invoke(Method.java:498) ~[?:1.8.0_261]
	at net.minecraftforge.userdev.FMLUserdevClientLaunchProvider.lambda$launchService$0(FMLUserdevClientLaunchProvider.java:52) ~[forge-1.16.5-36.0.42_mapped_snapshot_20201028-1.16.3-recomp.jar:?]
	at cpw.mods.modlauncher.LaunchServiceHandlerDecorator.launch(LaunchServiceHandlerDecorator.java:37) [modlauncher-8.0.9.jar:?]
	at cpw.mods.modlauncher.LaunchServiceHandler.launch(LaunchServiceHandler.java:54) [modlauncher-8.0.9.jar:?]
	at cpw.mods.modlauncher.LaunchServiceHandler.launch(LaunchServiceHandler.java:72) [modlauncher-8.0.9.jar:?]
	at cpw.mods.modlauncher.Launcher.run(Launcher.java:82) [modlauncher-8.0.9.jar:?]
	at cpw.mods.modlauncher.Launcher.main(Launcher.java:66) [modlauncher-8.0.9.jar:?]
	at net.minecraftforge.userdev.LaunchTesting.main(LaunchTesting.java:105) [forge-1.16.5-36.0.42_mapped_snapshot_20201028-1.16.3-recomp.jar:?]
[24Feb2021 13:51:02.046] [Render thread/INFO] [net.minecraft.client.Minecraft/]: Setting user: Dev
[24Feb2021 13:51:02.374] [Render thread/INFO] [net.minecraft.client.Minecraft/]: Backend library: LWJGL version 3.2.2 build 10
