#
# A fatal error has been detected by the Java Runtime Environment:
#
#  Internal Error (sharedRuntime.cpp:1172), pid=3116, tid=0x0000000000000484
#  guarantee((retry_count++ < 100)) failed: Could not resolve to latest version of redefined method
#
# JRE version: Java(TM) SE Runtime Environment (8.0_181-b13) (build 1.8.0_181-b13)
# Java VM: Dynamic Code Evolution 64-Bit Server VM (25.71-b01-dcevmlight-26 mixed mode windows-amd64 compressed oops)
# Failed to write core dump. Minidumps are not enabled by default on client versions of Windows
#
# If you would like to submit a bug report, please visit:
#   https://github.com/dcevm/dcevm/issues
#

---------------  T H R E A D  ---------------

Current thread (0x0000000003312800):  JavaThread "Render thread" [_thread_in_vm, id=1156, stack(0x0000000003210000,0x0000000003310000)]

Stack: [0x0000000003210000,0x0000000003310000]
[error occurred during error reporting (printing stack bounds), id 0xc0000005]

Native frames: (J=compiled Java code, j=interpreted, Vv=VM code, C=native code)

Java frames: (J=compiled Java code, j=interpreted, Vv=VM code)
v  ~RuntimeStub::resolve_virtual_call
J 192019 C1 net.minecraft.client.renderer.tileentity.TileEntityRendererDispatcher.render(Lnet/minecraft/client/renderer/tileentity/TileEntityRenderer;Lnet/minecraft/tileentity/TileEntity;FLcom/mojang/blaze3d/matrix/MatrixStack;Lnet/minecraft/client/renderer/IRenderTypeBuffer;)V (45 bytes) @ 0x00000000068073b4 [0x00000000068072a0+0x114]
j  net.minecraft.client.renderer.tileentity.TileEntityRendererDispatcher.lambda$renderTileEntity$0(Lnet/minecraft/client/renderer/tileentity/TileEntityRenderer;Lnet/minecraft/tileentity/TileEntity;FLcom/mojang/blaze3d/matrix/MatrixStack;Lnet/minecraft/client/renderer/IRenderTypeBuffer;)V+6
j  net.minecraft.client.renderer.tileentity.TileEntityRendererDispatcher$$Lambda$15679.run()V+20
J 192017 C1 net.minecraft.client.renderer.tileentity.TileEntityRendererDispatcher.runCrashReportable(Lnet/minecraft/tileentity/TileEntity;Ljava/lang/Runnable;)V (43 bytes) @ 0x00000000068078dc [0x0000000006807880+0x5c]
j  net.minecraft.client.renderer.tileentity.TileEntityRendererDispatcher.renderTileEntity(Lnet/minecraft/tileentity/TileEntity;FLcom/mojang/blaze3d/matrix/MatrixStack;Lnet/minecraft/client/renderer/IRenderTypeBuffer;)V+73
J 191128 C1 net.minecraft.client.renderer.WorldRenderer.updateCameraAndRender(Lcom/mojang/blaze3d/matrix/MatrixStack;FJZLnet/minecraft/client/renderer/ActiveRenderInfo;Lnet/minecraft/client/renderer/GameRenderer;Lnet/minecraft/client/renderer/LightTexture;Lnet/minecraft/util/math/vector/Matrix4f;)V (2844 bytes) @ 0x0000000006991de4 [0x000000000698fc20+0x21c4]
j  net.minecraft.client.renderer.GameRenderer.renderWorld(FJLcom/mojang/blaze3d/matrix/MatrixStack;)V+527
j  net.minecraft.client.renderer.GameRenderer.updateCameraAndRender(FJZ)V+231
j  net.minecraft.client.Minecraft.runGameLoop(Z)V+382
j  net.minecraft.client.Minecraft.run()V+68
j  net.minecraft.client.main.Main.main([Ljava/lang/String;)V+1379
v  ~StubRoutines::call_stub
j  sun.reflect.NativeMethodAccessorImpl.invoke0(Ljava/lang/reflect/Method;Ljava/lang/Object;[Ljava/lang/Object;)Ljava/lang/Object;+0
j  sun.reflect.NativeMethodAccessorImpl.invoke(Ljava/lang/Object;[Ljava/lang/Object;)Ljava/lang/Object;+100
J 2163 C1 sun.reflect.DelegatingMethodAccessorImpl.invoke(Ljava/lang/Object;[Ljava/lang/Object;)Ljava/lang/Object; (10 bytes) @ 0x0000000003d7c4ac [0x0000000003d7c380+0x12c]
J 2162 C1 java.lang.reflect.Method.invoke(Ljava/lang/Object;[Ljava/lang/Object;)Ljava/lang/Object; (62 bytes) @ 0x0000000003d80fc4 [0x0000000003d80ba0+0x424]
j  net.minecraftforge.userdev.FMLUserdevClientLaunchProvider.lambda$launchService$0(Lcpw/mods/modlauncher/api/ITransformingClassLoader;[Ljava/lang/String;)Ljava/lang/Void;+65
j  net.minecraftforge.userdev.FMLUserdevClientLaunchProvider$$Lambda$462.call()Ljava/lang/Object;+12
j  cpw.mods.modlauncher.LaunchServiceHandlerDecorator.launch([Ljava/lang/String;Lcpw/mods/modlauncher/api/ITransformingClassLoader;)V+11
j  cpw.mods.modlauncher.LaunchServiceHandler.launch(Ljava/lang/String;[Ljava/lang/String;Lcpw/mods/modlauncher/TransformingClassLoader;Lcpw/mods/modlauncher/LaunchPluginHandler;)V+57
j  cpw.mods.modlauncher.LaunchServiceHandler.launch(Lcpw/mods/modlauncher/ArgumentHandler;Lcpw/mods/modlauncher/TransformingClassLoader;Lcpw/mods/modlauncher/LaunchPluginHandler;)V+19
j  cpw.mods.modlauncher.Launcher.run([Ljava/lang/String;)V+116
j  cpw.mods.modlauncher.Launcher.main([Ljava/lang/String;)V+37
j  net.minecraftforge.userdev.LaunchTesting.main([Ljava/lang/String;)V+422
v  ~StubRoutines::call_stub

---------------  P R O C E S S  ---------------

Java Threads: ( => current thread )
  0x00000000226d5000 JavaThread "Worker-Main-188" daemon [_thread_in_Java, id=17004, stack(0x00000000307d0000,0x00000000308d0000)]
  0x00000000226cf800 JavaThread "Worker-Main-187" daemon [_thread_blocked, id=10304, stack(0x0000000046980000,0x0000000046a80000)]
  0x000000002b6ca000 JavaThread "Worker-Main-186" daemon [_thread_blocked, id=9036, stack(0x000000004c260000,0x000000004c360000)]
  0x000000002b6c2000 JavaThread "Worker-Main-185" daemon [_thread_blocked, id=7596, stack(0x000000004c160000,0x000000004c260000)]
  0x000000002b6be000 JavaThread "Narrator" [_thread_blocked, id=12644, stack(0x000000002ea40000,0x000000002eb40000)]
  0x0000000021c75800 JavaThread "Sound engine" daemon [_thread_blocked, id=2484, stack(0x0000000030ad0000,0x0000000030bd0000)]
  0x0000000021c72800 JavaThread "Netty Server IO #1" daemon [_thread_in_native, id=6104, stack(0x00000000306d0000,0x00000000307d0000)]
  0x0000000021c71800 JavaThread "Netty Local Client IO #0" daemon [_thread_blocked, id=16592, stack(0x000000002ffa0000,0x00000000300a0000)]
  0x00000000226d6800 JavaThread "Netty Server IO #0" daemon [_thread_in_native, id=2516, stack(0x00000000235b0000,0x00000000236b0000)]
  0x00000000226d9800 JavaThread "ObjectCleanerThread" daemon [_thread_blocked, id=15392, stack(0x0000000022fd0000,0x00000000230d0000)]
  0x00000000226da000 JavaThread "Java2D Disposer" daemon [_thread_blocked, id=8484, stack(0x0000000021410000,0x0000000021510000)]
  0x00000000226ce000 JavaThread "Thread-23" daemon [_thread_in_native, id=17924, stack(0x0000000020580000,0x0000000020680000)]
  0x00000000226d4000 JavaThread "Server thread" [_thread_in_Java, id=2984, stack(0x0000000020480000,0x0000000020580000)]
  0x0000000021c71000 JavaThread "Snooper Timer" daemon [_thread_blocked, id=10472, stack(0x0000000020380000,0x0000000020480000)]
  0x00000000226ce800 JavaThread "Narrator" [_thread_blocked, id=3300, stack(0x000000002e320000,0x000000002e420000)]
  0x00000000226cb800 JavaThread "Snooper Timer" daemon [_thread_blocked, id=18328, stack(0x0000000024f20000,0x0000000025020000)]
  0x00000000226d1000 JavaThread "Timer hack thread" daemon [_thread_blocked, id=9608, stack(0x0000000016e70000,0x0000000016f70000)]
  0x0000000017852800 JavaThread "Thread-8" daemon [_thread_in_native, id=7780, stack(0x0000000018a10000,0x0000000018b10000)]
  0x0000000017851800 JavaThread "Thread-7" daemon [_thread_blocked, id=3164, stack(0x00000000181c0000,0x00000000182c0000)]
  0x000000001539e000 JavaThread "Service Thread" daemon [_thread_blocked, id=17704, stack(0x0000000016a70000,0x0000000016b70000)]
  0x000000001535d800 JavaThread "C1 CompilerThread3" daemon [_thread_in_native, id=12740, stack(0x0000000016970000,0x0000000016a70000)]
  0x0000000015352800 JavaThread "C2 CompilerThread2" daemon [_thread_in_native, id=11348, stack(0x0000000016870000,0x0000000016970000)]
  0x0000000015352000 JavaThread "C2 CompilerThread1" daemon [_thread_in_native, id=7652, stack(0x0000000016770000,0x0000000016870000)]
  0x0000000015351800 JavaThread "C2 CompilerThread0" daemon [_thread_in_native, id=14380, stack(0x0000000016670000,0x0000000016770000)]
  0x0000000014baa000 JavaThread "Thread-3" daemon [_thread_blocked, id=14056, stack(0x00000000155a0000,0x00000000156a0000)]
  0x0000000014ba5800 JavaThread "HotSwap Dispatcher" daemon [_thread_blocked, id=10340, stack(0x00000000154a0000,0x00000000155a0000)]
  0x0000000014ba4800 JavaThread "HotSwap Watcher" daemon [_thread_blocked, id=15724, stack(0x00000000153a0000,0x00000000154a0000)]
  0x0000000014a9e000 JavaThread "Thread-0" daemon [_thread_in_native, id=11088, stack(0x0000000014aa0000,0x0000000014ba0000)]
  0x0000000013cbb000 JavaThread "JDWP Command Reader" daemon [_thread_in_native, id=11520, stack(0x00000000145a0000,0x00000000146a0000)]
  0x0000000013cb9800 JavaThread "JDWP Event Helper Thread" daemon [_thread_blocked, id=15036, stack(0x00000000144a0000,0x00000000145a0000)]
  0x0000000013cac000 JavaThread "JDWP Transport Listener: dt_socket" daemon [_thread_blocked, id=13828, stack(0x00000000143a0000,0x00000000144a0000)]
  0x0000000013ca2000 JavaThread "Attach Listener" daemon [_thread_blocked, id=17064, stack(0x00000000142a0000,0x00000000143a0000)]
  0x0000000013c9e000 JavaThread "Signal Dispatcher" daemon [_thread_blocked, id=2468, stack(0x00000000141a0000,0x00000000142a0000)]
  0x0000000013c85800 JavaThread "Finalizer" daemon [_thread_blocked, id=15184, stack(0x0000000013fa0000,0x00000000140a0000)]
  0x0000000003406000 JavaThread "Reference Handler" daemon [_thread_blocked, id=17616, stack(0x0000000013ea0000,0x0000000013fa0000)]
=>0x0000000003312800 JavaThread "Render thread" [_thread_in_vm, id=1156, stack(0x0000000003210000,0x0000000003310000)]

Other Threads:
  0x00000000033fc800 VMThread [stack: 0x0000000013da0000,0x0000000013ea0000] [id=2332]
  0x00000000156f0000 WatcherThread [stack: 0x0000000016b70000,0x0000000016c70000] [id=17192]

VM state:not at safepoint (normal execution)

VM Mutex/Monitor currently owned by a thread:  ([mutex/lock_event])
[0x000000000331f840] CodeCache_lock - owner thread: 0x0000000000000000

Heap:
 def new generation   total 273536K, used 53393K [0x0000000700c00000, 0x00000007134c0000, 0x0000000740800000)
  eden space 243200K,  21% used [0x0000000700c00000, 0x0000000703f489f8, 0x000000070f980000)
  from space 30336K,   2% used [0x0000000711720000, 0x00000007117fbcc0, 0x00000007134c0000)
  to   space 30336K,   0% used [0x000000070f980000, 0x000000070f980000, 0x0000000711720000)
 tenured generation   total 607676K, used 379976K [0x0000000740800000, 0x000000076596f000, 0x00000007c0000000)
   the space 607676K,  62% used [0x0000000740800000, 0x0000000757b122f8, 0x0000000757b12400, 0x000000076596f000)
 Metaspace       used 128912K, capacity 163974K, committed 164224K, reserved 1187840K
  class space    used 20549K, capacity 26144K, committed 26240K, reserved 1048576K

Card table byte_map: [0x00000000129a0000,0x0000000012fa0000] byte_map_base: 0x000000000f19a000

Polling page: 0x0000000001450000

CodeCache: size=245760Kb used=54987Kb max_used=81284Kb free=190772Kb
 bounds [0x00000000035e0000, 0x0000000008640000, 0x00000000125e0000]
 total_blobs=15033 nmethods=13206 adapters=1743
 compilation: enabled

Compilation events (10 events):
Event: 2535.980 Thread 0x000000001535d800 nmethod 191773 0x00000000067f8f10 code [0x00000000067f9060, 0x00000000067f9150]
Event: 2535.980 Thread 0x000000001535d800 192037       2       net.minecraft.entity.Entity::getName (21 bytes)
Event: 2535.980 Thread 0x000000001535d800 nmethod 192037 0x00000000067f88d0 code [0x00000000067f8a60, 0x00000000067f8d08]
Event: 2535.980 Thread 0x000000001535d800 192038       2       net.minecraftforge.client.event.RenderLivingEvent::<init> (38 bytes)
Event: 2535.980 Thread 0x000000001535d800 nmethod 192038 0x00000000067f84d0 code [0x00000000067f8620, 0x00000000067f8810]
Event: 2535.980 Thread 0x000000001535d800 191762       1       net.minecraft.block.AbstractBlock::getRenderType (4 bytes)
Event: 2535.981 Thread 0x000000001535d800 nmethod 191762 0x00000000067f8210 code [0x00000000067f8360, 0x00000000067f8470]
Event: 2535.981 Thread 0x000000001535d800 192024       2       it.unimi.dsi.fastutil.objects.Object2ObjectOpenCustomHashMap::get (144 bytes)
Event: 2535.981 Thread 0x000000001535d800 nmethod 192024 0x00000000067f77d0 code [0x00000000067f79a0, 0x00000000067f7e58]
Event: 2535.981 Thread 0x000000001535d800 192040       2       net.minecraft.client.renderer.chunk.VisGraph::getNeighborIndexAtFace (160 bytes)

GC Heap History (10 events):
Event: 2519.310 GC heap before
{Heap before GC invocations=1861 (full 6):
 def new generation   total 273536K, used 244324K [0x0000000700c00000, 0x00000007134c0000, 0x0000000740800000)
  eden space 243200K, 100% used [0x0000000700c00000, 0x000000070f980000, 0x000000070f980000)
  from space 30336K,   3% used [0x000000070f980000, 0x000000070fa990c0, 0x0000000711720000)
  to   space 30336K,   0% used [0x0000000711720000, 0x0000000711720000, 0x00000007134c0000)
 tenured generation   total 607676K, used 379976K [0x0000000740800000, 0x000000076596f000, 0x00000007c0000000)
   the space 607676K,  62% used [0x0000000740800000, 0x0000000757b12110, 0x0000000757b12200, 0x000000076596f000)
 Metaspace       used 128085K, capacity 161964K, committed 162304K, reserved 1185792K
  class space    used 20295K, capacity 25737K, committed 25856K, reserved 1048576K
Event: 2519.323 GC heap after
Heap after GC invocations=1862 (full 6):
 def new generation   total 273536K, used 1341K [0x0000000700c00000, 0x00000007134c0000, 0x0000000740800000)
  eden space 243200K,   0% used [0x0000000700c00000, 0x0000000700c00000, 0x000000070f980000)
  from space 30336K,   4% used [0x0000000711720000, 0x000000071186f440, 0x00000007134c0000)
  to   space 30336K,   0% used [0x000000070f980000, 0x000000070f980000, 0x0000000711720000)
 tenured generation   total 607676K, used 379976K [0x0000000740800000, 0x000000076596f000, 0x00000007c0000000)
   the space 607676K,  62% used [0x0000000740800000, 0x0000000757b12150, 0x0000000757b12200, 0x000000076596f000)
 Metaspace       used 128085K, capacity 161964K, committed 162304K, reserved 1185792K
  class space    used 20295K, capacity 25737K, committed 25856K, reserved 1048576K
}
Event: 2521.940 GC heap before
{Heap before GC invocations=1862 (full 6):
 def new generation   total 273536K, used 244548K [0x0000000700c00000, 0x00000007134c0000, 0x0000000740800000)
  eden space 243200K, 100% used [0x0000000700c00000, 0x000000070f980000, 0x000000070f980000)
  from space 30336K,   4% used [0x0000000711720000, 0x0000000711871190, 0x00000007134c0000)
  to   space 30336K,   0% used [0x000000070f980000, 0x000000070f980000, 0x0000000711720000)
 tenured generation   total 607676K, used 379976K [0x0000000740800000, 0x000000076596f000, 0x00000007c0000000)
   the space 607676K,  62% used [0x0000000740800000, 0x0000000757b12150, 0x0000000757b12200, 0x000000076596f000)
 Metaspace       used 128085K, capacity 161964K, committed 162304K, reserved 1185792K
  class space    used 20295K, capacity 25737K, committed 25856K, reserved 1048576K
Event: 2521.955 GC heap after
Heap after GC invocations=1863 (full 6):
 def new generation   total 273536K, used 1181K [0x0000000700c00000, 0x00000007134c0000, 0x0000000740800000)
  eden space 243200K,   0% used [0x0000000700c00000, 0x0000000700c00000, 0x000000070f980000)
  from space 30336K,   3% used [0x000000070f980000, 0x000000070faa7610, 0x0000000711720000)
  to   space 30336K,   0% used [0x0000000711720000, 0x0000000711720000, 0x00000007134c0000)
 tenured generation   total 607676K, used 379976K [0x0000000740800000, 0x000000076596f000, 0x00000007c0000000)
   the space 607676K,  62% used [0x0000000740800000, 0x0000000757b12150, 0x0000000757b12200, 0x000000076596f000)
 Metaspace       used 128085K, capacity 161964K, committed 162304K, reserved 1185792K
  class space    used 20295K, capacity 25737K, committed 25856K, reserved 1048576K
}
Event: 2524.991 GC heap before
{Heap before GC invocations=1863 (full 6):
 def new generation   total 273536K, used 244381K [0x0000000700c00000, 0x00000007134c0000, 0x0000000740800000)
  eden space 243200K, 100% used [0x0000000700c00000, 0x000000070f980000, 0x000000070f980000)
  from space 30336K,   3% used [0x000000070f980000, 0x000000070faa7680, 0x0000000711720000)
  to   space 30336K,   0% used [0x0000000711720000, 0x0000000711720000, 0x00000007134c0000)
 tenured generation   total 607676K, used 379976K [0x0000000740800000, 0x000000076596f000, 0x00000007c0000000)
   the space 607676K,  62% used [0x0000000740800000, 0x0000000757b12150, 0x0000000757b12200, 0x000000076596f000)
 Metaspace       used 128085K, capacity 161964K, committed 162304K, reserved 1185792K
  class space    used 20295K, capacity 25737K, committed 25856K, reserved 1048576K
Event: 2525.005 GC heap after
Heap after GC invocations=1864 (full 6):
 def new generation   total 273536K, used 1052K [0x0000000700c00000, 0x00000007134c0000, 0x0000000740800000)
  eden space 243200K,   0% used [0x0000000700c00000, 0x0000000700c00000, 0x000000070f980000)
  from space 30336K,   3% used [0x0000000711720000, 0x0000000711827378, 0x00000007134c0000)
  to   space 30336K,   0% used [0x000000070f980000, 0x000000070f980000, 0x0000000711720000)
 tenured generation   total 607676K, used 379976K [0x0000000740800000, 0x000000076596f000, 0x00000007c0000000)
   the space 607676K,  62% used [0x0000000740800000, 0x0000000757b12150, 0x0000000757b12200, 0x000000076596f000)
 Metaspace       used 128085K, capacity 161964K, committed 162304K, reserved 1185792K
  class space    used 20295K, capacity 25737K, committed 25856K, reserved 1048576K
}
Event: 2529.340 GC heap before
{Heap before GC invocations=1864 (full 6):
 def new generation   total 273536K, used 244252K [0x0000000700c00000, 0x00000007134c0000, 0x0000000740800000)
  eden space 243200K, 100% used [0x0000000700c00000, 0x000000070f980000, 0x000000070f980000)
  from space 30336K,   3% used [0x0000000711720000, 0x00000007118273b0, 0x00000007134c0000)
  to   space 30336K,   0% used [0x000000070f980000, 0x000000070f980000, 0x0000000711720000)
 tenured generation   total 607676K, used 379976K [0x0000000740800000, 0x000000076596f000, 0x00000007c0000000)
   the space 607676K,  62% used [0x0000000740800000, 0x0000000757b12150, 0x0000000757b12200, 0x000000076596f000)
 Metaspace       used 128085K, capacity 161964K, committed 162304K, reserved 1185792K
  class space    used 20295K, capacity 25737K, committed 25856K, reserved 1048576K
Event: 2529.354 GC heap after
Heap after GC invocations=1865 (full 6):
 def new generation   total 273536K, used 1131K [0x0000000700c00000, 0x00000007134c0000, 0x0000000740800000)
  eden space 243200K,   0% used [0x0000000700c00000, 0x0000000700c00000, 0x000000070f980000)
  from space 30336K,   3% used [0x000000070f980000, 0x000000070fa9ae50, 0x0000000711720000)
  to   space 30336K,   0% used [0x0000000711720000, 0x0000000711720000, 0x00000007134c0000)
 tenured generation   total 607676K, used 379976K [0x0000000740800000, 0x000000076596f000, 0x00000007c0000000)
   the space 607676K,  62% used [0x0000000740800000, 0x0000000757b12278, 0x0000000757b12400, 0x000000076596f000)
 Metaspace       used 128085K, capacity 161964K, committed 162304K, reserved 1185792K
  class space    used 20295K, capacity 25737K, committed 25856K, reserved 1048576K
}
Event: 2533.177 GC heap before
{Heap before GC invocations=1865 (full 6):
 def new generation   total 273536K, used 167617K [0x0000000700c00000, 0x00000007134c0000, 0x0000000740800000)
  eden space 243200K,  68% used [0x0000000700c00000, 0x000000070ae95668, 0x000000070f980000)
  from space 30336K,   3% used [0x000000070f980000, 0x000000070fa9ae50, 0x0000000711720000)
  to   space 30336K,   0% used [0x0000000711720000, 0x0000000711720000, 0x00000007134c0000)
 tenured generation   total 607676K, used 379976K [0x0000000740800000, 0x000000076596f000, 0x00000007c0000000)
   the space 607676K,  62% used [0x0000000740800000, 0x0000000757b12278, 0x0000000757b12400, 0x000000076596f000)
 Metaspace       used 128094K, capacity 162028K, committed 162304K, reserved 1185792K
  class space    used 20296K, capacity 25737K, committed 25856K, reserved 1048576K
Event: 2533.197 GC heap after
Heap after GC invocations=1866 (full 6):
 def new generation   total 273536K, used 879K [0x0000000700c00000, 0x00000007134c0000, 0x0000000740800000)
  eden space 243200K,   0% used [0x0000000700c00000, 0x0000000700c00000, 0x000000070f980000)
  from space 30336K,   2% used [0x0000000711720000, 0x00000007117fbcc0, 0x00000007134c0000)
  to   space 30336K,   0% used [0x000000070f980000, 0x000000070f980000, 0x0000000711720000)
 tenured generation   total 607676K, used 379976K [0x0000000740800000, 0x000000076596f000, 0x00000007c0000000)
   the space 607676K,  62% used [0x0000000740800000, 0x0000000757b122f8, 0x0000000757b12400, 0x000000076596f000)
 Metaspace       used 128094K, capacity 162028K, committed 162304K, reserved 1185792K
  class space    used 20296K, capacity 25737K, committed 25856K, reserved 1048576K
}

Deoptimization events (10 events):
Event: 2532.260 Thread 0x0000000021c71800 Uncommon trap: reason=unhandled action=none pc=0x0000000003eb71b8 method=net.minecraft.network.PacketThreadUtil.checkThreadAndEnqueue(Lnet/minecraft/network/IPacket;Lnet/minecraft/network/INetHandler;Lnet/minecraft/util/concurrent/ThreadTaskExecutor;)V @ 
Event: 2532.260 Thread 0x0000000021c71800 Uncommon trap: reason=unhandled action=none pc=0x00000000043c7814 method=net.minecraft.network.PacketThreadUtil.checkThreadAndEnqueue(Lnet/minecraft/network/IPacket;Lnet/minecraft/network/INetHandler;Lnet/minecraft/util/concurrent/ThreadTaskExecutor;)V @ 
Event: 2532.260 Thread 0x0000000021c71800 Uncommon trap: reason=unhandled action=none pc=0x00000000043c7814 method=net.minecraft.network.PacketThreadUtil.checkThreadAndEnqueue(Lnet/minecraft/network/IPacket;Lnet/minecraft/network/INetHandler;Lnet/minecraft/util/concurrent/ThreadTaskExecutor;)V @ 
Event: 2532.260 Thread 0x0000000021c71800 Uncommon trap: reason=unhandled action=none pc=0x00000000043c7814 method=net.minecraft.network.PacketThreadUtil.checkThreadAndEnqueue(Lnet/minecraft/network/IPacket;Lnet/minecraft/network/INetHandler;Lnet/minecraft/util/concurrent/ThreadTaskExecutor;)V @ 
Event: 2532.260 Thread 0x0000000021c71800 Uncommon trap: reason=unhandled action=none pc=0x00000000064e3e04 method=net.minecraft.network.PacketThreadUtil.checkThreadAndEnqueue(Lnet/minecraft/network/IPacket;Lnet/minecraft/network/INetHandler;Lnet/minecraft/util/concurrent/ThreadTaskExecutor;)V @ 
Event: 2532.260 Thread 0x0000000021c71800 Uncommon trap: reason=unhandled action=none pc=0x00000000062f2ba0 method=net.minecraft.network.PacketThreadUtil.checkThreadAndEnqueue(Lnet/minecraft/network/IPacket;Lnet/minecraft/network/INetHandler;Lnet/minecraft/util/concurrent/ThreadTaskExecutor;)V @ 
Event: 2532.261 Thread 0x0000000021c71800 Uncommon trap: reason=unhandled action=none pc=0x00000000043c7814 method=net.minecraft.network.PacketThreadUtil.checkThreadAndEnqueue(Lnet/minecraft/network/IPacket;Lnet/minecraft/network/INetHandler;Lnet/minecraft/util/concurrent/ThreadTaskExecutor;)V @ 
Event: 2532.261 Thread 0x0000000021c71800 Uncommon trap: reason=unhandled action=none pc=0x00000000043c7814 method=net.minecraft.network.PacketThreadUtil.checkThreadAndEnqueue(Lnet/minecraft/network/IPacket;Lnet/minecraft/network/INetHandler;Lnet/minecraft/util/concurrent/ThreadTaskExecutor;)V @ 
Event: 2532.292 Thread 0x0000000003312800 Uncommon trap: reason=speculate_class_check action=none pc=0x00000000042644ec method=net.minecraft.world.World.getChunk(II)Lnet/minecraft/world/chunk/Chunk; @ 6
Event: 2535.729 Thread 0x00000000226d4000 Uncommon trap: reason=uninitialized action=none pc=0x000000000461000c method=net.minecraft.world.server.ChunkHolder.sendToTracking(Lnet/minecraft/network/IPacket;Z)V @ 15

Internal exceptions (10 events):
Event: 2320.458 Thread 0x000000002b6c1000 Exception <a 'sun/nio/fs/WindowsException'> (0x0000000706f99ce8) thrown at [C:\Jenkins\workspace\DCEVM-8u161\jdk\JDK1.8.0_181-x64\k\product\oops\nocompressed\slave\dcevm-win\hotspot\src\share\vm\prims\jni.cpp, line 710]
Event: 2320.459 Thread 0x000000002b6c7000 Exception <a 'sun/nio/fs/WindowsException'> (0x0000000706f19310) thrown at [C:\Jenkins\workspace\DCEVM-8u161\jdk\JDK1.8.0_181-x64\k\product\oops\nocompressed\slave\dcevm-win\hotspot\src\share\vm\prims\jni.cpp, line 710]
Event: 2320.460 Thread 0x000000002b6c1000 Exception <a 'sun/nio/fs/WindowsException'> (0x0000000706f9f628) thrown at [C:\Jenkins\workspace\DCEVM-8u161\jdk\JDK1.8.0_181-x64\k\product\oops\nocompressed\slave\dcevm-win\hotspot\src\share\vm\prims\jni.cpp, line 710]
Event: 2320.461 Thread 0x000000002b6c7000 Exception <a 'sun/nio/fs/WindowsException'> (0x0000000706f1ec18) thrown at [C:\Jenkins\workspace\DCEVM-8u161\jdk\JDK1.8.0_181-x64\k\product\oops\nocompressed\slave\dcevm-win\hotspot\src\share\vm\prims\jni.cpp, line 710]
Event: 2320.462 Thread 0x000000002b6c1000 Exception <a 'sun/nio/fs/WindowsException'> (0x0000000706fa4f30) thrown at [C:\Jenkins\workspace\DCEVM-8u161\jdk\JDK1.8.0_181-x64\k\product\oops\nocompressed\slave\dcevm-win\hotspot\src\share\vm\prims\jni.cpp, line 710]
Event: 2320.462 Thread 0x00000000226d4000 Exception <a 'sun/nio/fs/WindowsException'> (0x000000070759dc68) thrown at [C:\Jenkins\workspace\DCEVM-8u161\jdk\JDK1.8.0_181-x64\k\product\oops\nocompressed\slave\dcevm-win\hotspot\src\share\vm\prims\jni.cpp, line 710]
Event: 2320.464 Thread 0x00000000226d4000 Exception <a 'sun/nio/fs/WindowsException'> (0x000000070759e378) thrown at [C:\Jenkins\workspace\DCEVM-8u161\jdk\JDK1.8.0_181-x64\k\product\oops\nocompressed\slave\dcevm-win\hotspot\src\share\vm\prims\jni.cpp, line 710]
Event: 2320.464 Thread 0x00000000226d4000 Exception <a 'sun/nio/fs/WindowsException'> (0x000000070759e5c8) thrown at [C:\Jenkins\workspace\DCEVM-8u161\jdk\JDK1.8.0_181-x64\k\product\oops\nocompressed\slave\dcevm-win\hotspot\src\share\vm\prims\jni.cpp, line 710]
Event: 2320.464 Thread 0x00000000226d4000 Exception <a 'sun/nio/fs/WindowsException'> (0x000000070759ec68) thrown at [C:\Jenkins\workspace\DCEVM-8u161\jdk\JDK1.8.0_181-x64\k\product\oops\nocompressed\slave\dcevm-win\hotspot\src\share\vm\prims\jni.cpp, line 710]
Event: 2320.464 Thread 0x00000000226d4000 Exception <a 'sun/nio/fs/WindowsException'> (0x000000070759fab8) thrown at [C:\Jenkins\workspace\DCEVM-8u161\jdk\JDK1.8.0_181-x64\k\product\oops\nocompressed\slave\dcevm-win\hotspot\src\share\vm\prims\jni.cpp, line 710]

Events (10 events):
Event: 2535.876 Thread 0x00000000226d5000 DEOPT PACKING pc=0x0000000006e27290 sp=0x00000000308ceb00
Event: 2535.876 Thread 0x00000000226d5000 DEOPT UNPACKING pc=0x00000000036275bf sp=0x00000000308ce8a8 mode 0
Event: 2535.899 Thread 0x0000000003312800 DEOPT PACKING pc=0x0000000006d342cc sp=0x000000000330d820
Event: 2535.899 Thread 0x0000000003312800 DEOPT UNPACKING pc=0x00000000036275bf sp=0x000000000330d640 mode 0
Event: 2535.932 Executing VM operation: ForceSafepoint
Event: 2535.932 Executing VM operation: ForceSafepoint done
Event: 2535.979 Thread 0x00000000226d5000 DEOPT PACKING pc=0x0000000006e27290 sp=0x00000000308ceb00
Event: 2535.979 Thread 0x00000000226d5000 DEOPT UNPACKING pc=0x00000000036275bf sp=0x00000000308ce8a8 mode 0
Event: 2535.980 loading class net/minecraft/client/renderer/RegionRenderCacheBuilder
Event: 2535.980 loading class net/minecraft/client/renderer/RegionRenderCacheBuilder done


Dynamic libraries:
0x00007ff684870000 - 0x00007ff6848a7000 	C:\Program Files\Java\jdk1.8.0_181\bin\java.exe
0x00007ffc30fd0000 - 0x00007ffc311c6000 	C:\Windows\SYSTEM32\ntdll.dll
0x00007ffc30820000 - 0x00007ffc308dd000 	C:\Windows\System32\KERNEL32.DLL
0x00007ffc2eb20000 - 0x00007ffc2ede9000 	C:\Windows\System32\KERNELBASE.dll
0x00007ffc30eb0000 - 0x00007ffc30f5c000 	C:\Windows\System32\ADVAPI32.dll
0x00007ffc30570000 - 0x00007ffc3060e000 	C:\Windows\System32\msvcrt.dll
0x00007ffc308e0000 - 0x00007ffc3097c000 	C:\Windows\System32\sechost.dll
0x00007ffc2f090000 - 0x00007ffc2f1bb000 	C:\Windows\System32\RPCRT4.dll
0x00007ffc2fb20000 - 0x00007ffc2fcc0000 	C:\Windows\System32\USER32.dll
0x00007ffc2e910000 - 0x00007ffc2e932000 	C:\Windows\System32\win32u.dll
0x00007ffc30540000 - 0x00007ffc3056a000 	C:\Windows\System32\GDI32.dll
0x00007ffc2edf0000 - 0x00007ffc2eefb000 	C:\Windows\System32\gdi32full.dll
0x00007ffc2e710000 - 0x00007ffc2e7ad000 	C:\Windows\System32\msvcp_win.dll
0x00007ffc2ef30000 - 0x00007ffc2f030000 	C:\Windows\System32\ucrtbase.dll
0x00007ffc14310000 - 0x00007ffc145ab000 	C:\Windows\WinSxS\amd64_microsoft.windows.common-controls_6595b64144ccf1df_6.0.19041.746_none_ca02b4b61b8320a4\COMCTL32.dll
0x00007ffc30f60000 - 0x00007ffc30f90000 	C:\Windows\System32\IMM32.DLL
0x0000000069410000 - 0x00000000694e2000 	C:\Program Files\Java\jdk1.8.0_181\jre\bin\msvcr100.dll
0x0000000068bb0000 - 0x0000000069401000 	C:\Program Files\Java\jdk1.8.0_181\jre\bin\server\jvm.dll
0x00007ffc2fe00000 - 0x00007ffc2fe08000 	C:\Windows\System32\PSAPI.DLL
0x00007ffc21040000 - 0x00007ffc21067000 	C:\Windows\SYSTEM32\WINMM.dll
0x00007ffc27da0000 - 0x00007ffc27da9000 	C:\Windows\SYSTEM32\WSOCK32.dll
0x00007ffc28690000 - 0x00007ffc2869a000 	C:\Windows\SYSTEM32\VERSION.dll
0x00007ffc2fe10000 - 0x00007ffc2fe7b000 	C:\Windows\System32\WS2_32.dll
0x0000000068ba0000 - 0x0000000068baf000 	C:\Program Files\Java\jdk1.8.0_181\jre\bin\verify.dll
0x0000000068b70000 - 0x0000000068b99000 	C:\Program Files\Java\jdk1.8.0_181\jre\bin\java.dll
0x0000000068b30000 - 0x0000000068b65000 	C:\Program Files\Java\jdk1.8.0_181\jre\bin\jdwp.dll
0x0000000068b20000 - 0x0000000068b28000 	C:\Program Files\Java\jdk1.8.0_181\jre\bin\npt.dll
0x0000000068af0000 - 0x0000000068b13000 	C:\Program Files\Java\jdk1.8.0_181\jre\bin\instrument.dll
0x0000000068ad0000 - 0x0000000068ae6000 	C:\Program Files\Java\jdk1.8.0_181\jre\bin\zip.dll
0x00007ffc2f3d0000 - 0x00007ffc2fb12000 	C:\Windows\System32\SHELL32.dll
0x00007ffc2c880000 - 0x00007ffc2d010000 	C:\Windows\SYSTEM32\windows.storage.dll
0x00007ffc30120000 - 0x00007ffc30476000 	C:\Windows\System32\combase.dll
0x00007ffc2e170000 - 0x00007ffc2e19c000 	C:\Windows\SYSTEM32\Wldp.dll
0x00007ffc30480000 - 0x00007ffc3052e000 	C:\Windows\System32\SHCORE.dll
0x00007ffc2fcc0000 - 0x00007ffc2fd15000 	C:\Windows\System32\shlwapi.dll
0x00007ffc2e640000 - 0x00007ffc2e666000 	C:\Windows\SYSTEM32\profapi.dll
0x0000000068ac0000 - 0x0000000068ac9000 	C:\Program Files\Java\jdk1.8.0_181\jre\bin\dt_socket.dll
0x00007ffc2def0000 - 0x00007ffc2df5a000 	C:\Windows\system32\mswsock.dll
0x0000000068aa0000 - 0x0000000068aba000 	C:\Program Files\Java\jdk1.8.0_181\jre\bin\net.dll
0x0000000068a80000 - 0x0000000068a91000 	C:\Program Files\Java\jdk1.8.0_181\jre\bin\nio.dll
0x0000000068a70000 - 0x0000000068a7d000 	C:\Program Files\Java\jdk1.8.0_181\jre\bin\management.dll
0x00007ffc062f0000 - 0x00007ffc06307000 	C:\Windows\system32\napinsp.dll
0x00007ffc062d0000 - 0x00007ffc062eb000 	C:\Windows\system32\pnrpnsp.dll
0x00007ffc062b0000 - 0x00007ffc062c5000 	C:\Windows\system32\wshbth.dll
0x00007ffc2a1f0000 - 0x00007ffc2a20d000 	C:\Windows\system32\NLAapi.dll
0x00007ffc2db90000 - 0x00007ffc2dbcb000 	C:\Windows\SYSTEM32\IPHLPAPI.DLL
0x00007ffc2dbd0000 - 0x00007ffc2dc9b000 	C:\Windows\SYSTEM32\DNSAPI.dll
0x00007ffc30ea0000 - 0x00007ffc30ea8000 	C:\Windows\System32\NSI.dll
0x00007ffc06290000 - 0x00007ffc062a2000 	C:\Windows\System32\winrnr.dll
0x00007ffc1e510000 - 0x00007ffc1e51a000 	C:\Windows\System32\rasadhlp.dll
0x00007ffc1ed40000 - 0x00007ffc1edbf000 	C:\Windows\System32\fwpuclnt.dll
0x00007ffc2ef00000 - 0x00007ffc2ef27000 	C:\Windows\System32\bcrypt.dll
0x0000000068a40000 - 0x0000000068a64000 	C:\Program Files\Java\jdk1.8.0_181\jre\bin\sunec.dll
0x00007ffc284d0000 - 0x00007ffc284e7000 	C:\Windows\SYSTEM32\dhcpcsvc6.DLL
0x00007ffc288b0000 - 0x00007ffc288cd000 	C:\Windows\SYSTEM32\dhcpcsvc.DLL
0x00007ffc2e0d0000 - 0x00007ffc2e0e8000 	C:\Windows\SYSTEM32\CRYPTSP.dll
0x00007ffc2d820000 - 0x00007ffc2d854000 	C:\Windows\system32\rsaenh.dll
0x00007ffc2e600000 - 0x00007ffc2e62e000 	C:\Windows\SYSTEM32\USERENV.dll
0x00007ffc2e940000 - 0x00007ffc2e9c0000 	C:\Windows\System32\bcryptprimitives.dll
0x00007ffc2e0c0000 - 0x00007ffc2e0cc000 	C:\Windows\SYSTEM32\CRYPTBASE.dll
0x00007ffc0b330000 - 0x00007ffc0b3a2000 	C:\Users\Eivind\AppData\Local\Temp\lwjglEivind\3.2.2-build-10\lwjgl.dll
0x00007ffbc7b40000 - 0x00007ffbc7d91000 	C:\Users\Eivind\AppData\Local\Temp\lwjglEivind\3.2.2-build-10\jemalloc.dll
0x00007ffc0b2d0000 - 0x00007ffc0b32e000 	C:\Users\Eivind\AppData\Local\Temp\lwjglEivind\3.2.2-build-10\glfw.dll
0x00007ffc2c1c0000 - 0x00007ffc2c25e000 	C:\Windows\system32\uxtheme.dll
0x00007ffc08130000 - 0x00007ffc08175000 	C:\Windows\SYSTEM32\dinput8.dll
0x00007ffc1bcb0000 - 0x00007ffc1bcc1000 	C:\Windows\SYSTEM32\xinput1_4.dll
0x00007ffc2e7b0000 - 0x00007ffc2e7fe000 	C:\Windows\System32\cfgmgr32.dll
0x00007ffc2e4b0000 - 0x00007ffc2e4dc000 	C:\Windows\SYSTEM32\DEVOBJ.dll
0x00007ffc2c4a0000 - 0x00007ffc2c4cf000 	C:\Windows\SYSTEM32\dwmapi.dll
0x00007ffc20c30000 - 0x00007ffc20d82000 	C:\Windows\SYSTEM32\inputhost.dll
0x00007ffc2ff30000 - 0x00007ffc2fffd000 	C:\Windows\System32\OLEAUT32.dll
0x00007ffc2a360000 - 0x00007ffc2a457000 	C:\Windows\SYSTEM32\PROPSYS.dll
0x00007ffc2b980000 - 0x00007ffc2bcde000 	C:\Windows\SYSTEM32\CoreUIComponents.dll
0x00007ffc2bce0000 - 0x00007ffc2bdd2000 	C:\Windows\SYSTEM32\CoreMessaging.dll
0x00007ffc2b2b0000 - 0x00007ffc2b404000 	C:\Windows\SYSTEM32\wintypes.dll
0x00007ffc2c680000 - 0x00007ffc2c692000 	C:\Windows\SYSTEM32\kernel.appcore.dll
0x00007ffc2d450000 - 0x00007ffc2d483000 	C:\Windows\SYSTEM32\ntmarta.dll
0x00007ffc30000000 - 0x00007ffc30115000 	C:\Windows\System32\MSCTF.dll
0x00007ffc2d010000 - 0x00007ffc2d01d000 	C:\Windows\SYSTEM32\HID.DLL
0x00007ffc30a30000 - 0x00007ffc30e97000 	C:\Windows\System32\SETUPAPI.DLL
0x00007ffc2e800000 - 0x00007ffc2e860000 	C:\Windows\System32\WINTRUST.dll
0x00007ffc2e9c0000 - 0x00007ffc2eb16000 	C:\Windows\System32\CRYPT32.dll
0x00007ffc2e2f0000 - 0x00007ffc2e302000 	C:\Windows\SYSTEM32\MSASN1.dll
0x00007ffbe8640000 - 0x00007ffbe8765000 	C:\Windows\SYSTEM32\opengl32.dll
0x00007ffc1bcd0000 - 0x00007ffc1bcfc000 	C:\Windows\SYSTEM32\GLU32.dll
0x00007ffc30980000 - 0x00007ffc30a29000 	C:\Windows\System32\clbcatq.dll
0x00007ffbb4b90000 - 0x00007ffbb7529000 	C:\Windows\System32\DriverStore\FileRepository\nv_dispi.inf_amd64_1c83a5d7cffd7bff\nvoglv64.dll
0x00007ffc30690000 - 0x00007ffc307ba000 	C:\Windows\System32\ole32.dll
0x00007ffc2a4c0000 - 0x00007ffc2a4d4000 	C:\Windows\SYSTEM32\WTSAPI32.dll
0x00007ffc284f0000 - 0x00007ffc28521000 	C:\Windows\SYSTEM32\cryptnet.dll
0x00007ffc27470000 - 0x00007ffc274ab000 	C:\Windows\SYSTEM32\dxcore.dll
0x00007ffbf79a0000 - 0x00007ffbf7c59000 	C:\Windows\system32\nvspcap64.dll
0x00007ffc2dd00000 - 0x00007ffc2dd4b000 	C:\Windows\SYSTEM32\powrprof.dll
0x00007ffc2db70000 - 0x00007ffc2db82000 	C:\Windows\SYSTEM32\UMPDC.dll
0x00007ffc2d500000 - 0x00007ffc2d55a000 	C:\Windows\SYSTEM32\WINSTA.dll
0x00007ffc046e0000 - 0x00007ffc0475f000 	C:\Users\Eivind\AppData\Local\Temp\lwjglEivind\3.2.2-build-10\lwjgl_stb.dll
0x00007ffc286a0000 - 0x00007ffc2874e000 	C:\Windows\SYSTEM32\mscms.dll
0x00007ffc28650000 - 0x00007ffc28661000 	C:\Windows\SYSTEM32\ColorAdapterClient.dll
0x00007ffc07190000 - 0x00007ffc071d3000 	C:\Windows\SYSTEM32\icm32.dll
0x00007ffc25bf0000 - 0x00007ffc25ceb000 	C:\Windows\SYSTEM32\textinputframework.dll
0x00007ffc04680000 - 0x00007ffc046d8000 	C:\Users\Eivind\AppData\Local\Temp\lwjglEivind\3.2.2-build-10\lwjgl_opengl.dll
0x0000000068a30000 - 0x0000000068a3b000 	C:\Program Files\Java\jdk1.8.0_181\jre\bin\sunmscapi.dll
0x00007ffbfb290000 - 0x00007ffbfb2d2000 	C:\Users\Eivind\AppData\Local\Temp\jna-2076000877\jna7825054552147206046.dll
0x00007ffc18e30000 - 0x00007ffc18e4a000 	C:\Users\Eivind\Documents\Development\Modding\ITank\build\natives\SAPIWrapper_x64.dll
0x00007ffbc6740000 - 0x00007ffbc68c6000 	C:\Windows\System32\Speech\Common\sapi.dll
0x00007ffc0c790000 - 0x00007ffc0c79b000 	C:\Windows\SYSTEM32\msdmo.dll
0x00007ffbc7070000 - 0x00007ffbc708e000 	C:\Windows\SYSTEM32\MSACM32.dll
0x00007ffc06210000 - 0x00007ffc06236000 	C:\Windows\SYSTEM32\winmmbase.dll
0x00007ffc289a0000 - 0x00007ffc28a25000 	C:\Windows\System32\MMDevApi.dll
0x00007ffbde0c0000 - 0x00007ffbde1d4000 	C:\Users\Eivind\AppData\Local\Temp\lwjglEivind\3.2.2-build-10\OpenAL.dll
0x00007ffc02c80000 - 0x00007ffc02e05000 	C:\Windows\SYSTEM32\AUDIOSES.DLL
0x00007ffc2c2a0000 - 0x00007ffc2c2b4000 	C:\Windows\SYSTEM32\resourcepolicyclient.dll
0x0000000068890000 - 0x0000000068a29000 	C:\Program Files\Java\jdk1.8.0_181\jre\bin\awt.dll
0x00007ffc2c000000 - 0x00007ffc2c090000 	C:\Windows\SYSTEM32\apphelp.dll

VM Arguments:
jvm_args: -agentlib:jdwp=transport=dt_socket,address=127.0.0.1:58828,suspend=y,server=n -XX:HeapDumpPath=MojangTricksIntelDriversForPerformance_javaw.exe_minecraft.exe.heapdump -Dos.name=Windows 10 -Dos.version=10.0 -javaagent:C:\Users\Eivind\AppData\Local\JetBrains\Toolbox\apps\IDEA-U\ch-0\203.7148.57\plugins\Groovy\lib\agent\gragent.jar -javaagent:C:\Users\Eivind\AppData\Roaming\JetBrains\IntelliJIdea2020.2\plugins\hotswap-agent-intellij-plugin\lib\agent\hotswap-agent-1.4.1.jar -javaagent:C:\Users\Eivind\AppData\Local\JetBrains\Toolbox\apps\IDEA-U\ch-0\203.7148.57\plugins\java\lib\rt\debugger-agent.jar -Dfile.encoding=UTF-8 
java_command: net.minecraftforge.userdev.LaunchTesting
java_class_path (initial): C:\Program Files\Java\jdk1.8.0_181\jre\lib\charsets.jar;C:\Program Files\Java\jdk1.8.0_181\jre\lib\deploy.jar;C:\Program Files\Java\jdk1.8.0_181\jre\lib\ext\access-bridge-64.jar;C:\Program Files\Java\jdk1.8.0_181\jre\lib\ext\cldrdata.jar;C:\Program Files\Java\jdk1.8.0_181\jre\lib\ext\dnsns.jar;C:\Program Files\Java\jdk1.8.0_181\jre\lib\ext\jaccess.jar;C:\Program Files\Java\jdk1.8.0_181\jre\lib\ext\jfxrt.jar;C:\Program Files\Java\jdk1.8.0_181\jre\lib\ext\localedata.jar;C:\Program Files\Java\jdk1.8.0_181\jre\lib\ext\nashorn.jar;C:\Program Files\Java\jdk1.8.0_181\jre\lib\ext\sunec.jar;C:\Program Files\Java\jdk1.8.0_181\jre\lib\ext\sunjce_provider.jar;C:\Program Files\Java\jdk1.8.0_181\jre\lib\ext\sunmscapi.jar;C:\Program Files\Java\jdk1.8.0_181\jre\lib\ext\sunpkcs11.jar;C:\Program Files\Java\jdk1.8.0_181\jre\lib\ext\zipfs.jar;C:\Program Files\Java\jdk1.8.0_181\jre\lib\javaws.jar;C:\Program Files\Java\jdk1.8.0_181\jre\lib\jce.jar;C:\Program Files\Java\jdk1.8.0_181\jre\lib\jfr.jar;C:\Program Files\Java\jdk1.8.0_181\jre\lib\jfxswt.jar;C:\Program Files\Java\jdk1.8.0_181\jre\lib\jsse.jar;C:\Program Files\Java\jdk1.8.0_181\jre\lib\management-agent.jar;C:\Program Files\Java\jdk1.8.0_181\jre\lib\plugin.jar;C:\Program Files\Java\jdk1.8.0_181\jre\lib\resources.jar;C:\Program Files\Java\jdk1.8.0_181\jre\lib\rt.jar;C:\Users\Eivind\Documents\Development\Modding\ITank\build\classes\java\main;C:\Users\Eivind\Documents\Development\Modding\ITank\build\resources\main;C:\Users\Eivind\Documents\Development\Modding\Bibliotheca\build\classes\java\main;C:\Users\Eivind\Documents\Development\Modding\Bibliotheca\build\resources\main;C:\Users\Eivind\Documents\Development\Modding\Quick-Harvest\build\classes\java\main;C:\Users\Eivind\Documents\Development\Modding\Quick-Harvest\build\resources\main;C:\Users\Eivind\Documents\Development\Modding\World-Stripper\build\classes\java\main;C:\Users\Eivind\Documents\Development\Modding\World-Stripper\build\resources\main;C:\User
Launcher Type: SUN_STANDARD

Environment Variables:
JAVA_HOME=C:\Program Files\AdoptOpenJDK\jdk-8.0.265.01-hotspot\
PATH=C:\Program Files (x86)\Common Files\Oracle\Java\javapath;C:\Program Files\AdoptOpenJDK\jdk-8.0.265.01-hotspot\bin;C:\Windows\system32;C:\Windows;C:\Windows\System32\Wbem;C:\Windows\System32\WindowsPowerShell\v1.0\;C:\Windows\System32\OpenSSH\;C:\Program Files (x86)\NVIDIA Corporation\PhysX\Common;C:\Program Files\NVIDIA Corporation\NVIDIA NvDLISR;C:\Program Files\Git\cmd;C:\Users\Eivind\AppData\Local\Programs\Python\Python38-32\Scripts\;C:\Users\Eivind\AppData\Local\Programs\Python\Python38-32\;C:\Users\Eivind\AppData\Local\Microsoft\WindowsApps;C:\Users\Eivind\AppData\Local\Programs\Microsoft VS Code\bin;C:\Users\Eivind\AppData\Local\Programs\MiKTeX\miktex\bin\x64\;C:\Users\Eivind\AppData\Local\gitkraken\bin
USERNAME=Eivind
OS=Windows_NT
PROCESSOR_IDENTIFIER=Intel64 Family 6 Model 45 Stepping 7, GenuineIntel



---------------  S Y S T E M  ---------------

OS: Windows 10.0 , 64 bit Build 19041 (10.0.19041.804)

CPU:total 8 (initial active 8) (4 cores per cpu, 2 threads per core) family 6 model 45 stepping 7, cmov, cx8, fxsr, mmx, sse, sse2, sse3, ssse3, sse4.1, sse4.2, popcnt, avx, aes, clmul, ht, tsc, tscinvbit, tscinv

Memory: 4k page, physical 12526232k(1853188k free), swap 23536280k(5075580k free)

vm_info: Dynamic Code Evolution 64-Bit Server VM (25.71-b01-dcevmlight-26) for windows-amd64 JRE (1.8.0), built on Jul 31 2018 12:14:42 by "" with MS VC++ 10.0 (VS2010)

time: Thu Feb 25 17:10:09 2021
elapsed time: 2536 seconds (0d 0h 42m 16s)

